0 info it worked if it ends with ok
1 verbose cli [ 'C:\\Program Files\\nodejs\\node.exe',
1 verbose cli   'C:\\Program Files\\nodejs\\node_modules\\npm\\bin\\npm-cli.js',
1 verbose cli   'start' ]
2 info using npm@3.3.12
3 info using node@v5.3.0
4 verbose run-script [ 'prestart', 'start', 'poststart' ]
5 info lifecycle job@0.0.0~prestart: job@0.0.0
6 silly lifecycle job@0.0.0~prestart: no script for prestart, continuing
7 info lifecycle job@0.0.0~start: job@0.0.0
8 verbose lifecycle job@0.0.0~start: unsafe-perm in lifecycle true
9 verbose lifecycle job@0.0.0~start: PATH: C:\Program Files\nodejs\node_modules\npm\bin\node-gyp-bin;C:\Users\XZhang21\WebstormProjects\job\node_modules\.bin;C:\ProgramData\Oracle\Java\javapath;C:\Program Files (x86)\IBM\RationalSDLC\common;C:\Program Files (x86)\Rockwell Software\RSCommon\;C:\WINDOWS\system32;C:\WINDOWS;C:\WINDOWS\System32\Wbem;C:\WINDOWS\System32\WindowsPowerShell\v1.0\;c:\Program Files (x86)\Microsoft SQL Server\100\Tools\Binn\;c:\Program Files (x86)\Microsoft SQL Server\100\DTS\Binn\;C:\Program Files (x86)\Common Files\Rockwell\;C:\Program Files (x86)\Rockwell Software\RSCommon;C:\Program Files (x86)\Rockwell Software\RSView Enterprise\;C:\WINDOWS\system32\config\systemprofile\.dnx\bin;C:\Program Files\Microsoft DNX\Dnvm\;C:\Program Files\nodejs\;C:\Program Files (x86)\IBM\RationalSDLC\ClearCase\bin;C:\Program Files (x86)\IBM\gsk8\lib;C:\Program Files (x86)\IBM\gsk8\bin;C:\Program Files (x86)\Windows Kits\8.1\Windows Performance Toolkit\;C:\Program Files\Microsoft SQL Server\110\Tools\Binn\;C:\Program Files (x86)\Microsoft SDKs\TypeScript\1.0\;C:\Program Files\Microsoft SQL Server\120\Tools\Binn\;C:\Program Files (x86)\Rockwell Software\FactoryTalk Historian\PIPC\bin\;C:\Users\XZhang21\AppData\Roaming\npm;C:\MinGW\bin;C:\Program Files\Java\jdk1.8.0_91\bin;C:\Ruby22-x64\bin;C:\Program Files\Git\bin;C:\Program Files\Git\cmd;
10 verbose lifecycle job@0.0.0~start: CWD: C:\Users\XZhang21\WebstormProjects\job
11 silly lifecycle job@0.0.0~start: Args: [ '/d /s /c', 'node ./bin/www' ]
12 silly lifecycle job@0.0.0~start: Returned: code: 1  signal: null
13 info lifecycle job@0.0.0~start: Failed to exec start script
14 verbose stack Error: job@0.0.0 start: `node ./bin/www`
14 verbose stack Exit status 1
14 verbose stack     at EventEmitter.<anonymous> (C:\Program Files\nodejs\node_modules\npm\lib\utils\lifecycle.js:232:16)
14 verbose stack     at emitTwo (events.js:87:13)
14 verbose stack     at EventEmitter.emit (events.js:172:7)
14 verbose stack     at ChildProcess.<anonymous> (C:\Program Files\nodejs\node_modules\npm\lib\utils\spawn.js:24:14)
14 verbose stack     at emitTwo (events.js:87:13)
14 verbose stack     at ChildProcess.emit (events.js:172:7)
14 verbose stack     at maybeClose (internal/child_process.js:818:16)
14 verbose stack     at Process.ChildProcess._handle.onexit (internal/child_process.js:211:5)
15 verbose pkgid job@0.0.0
16 verbose cwd C:\Users\XZhang21\WebstormProjects\job
17 error Windows_NT 6.1.7601
18 error argv "C:\\Program Files\\nodejs\\node.exe" "C:\\Program Files\\nodejs\\node_modules\\npm\\bin\\npm-cli.js" "start"
19 error node v5.3.0
20 error npm  v3.3.12
21 error code ELIFECYCLE
22 error job@0.0.0 start: `node ./bin/www`
22 error Exit status 1
23 error Failed at the job@0.0.0 start script 'node ./bin/www'.
23 error Make sure you have the latest version of node.js and npm installed.
23 error If you do, this is most likely a problem with the job package,
23 error not with npm itself.
23 error Tell the author that this fails on your system:
23 error     node ./bin/www
23 error You can get their info via:
23 error     npm owner ls job
23 error There is likely additional logging output above.
24 verbose exit [ 1, true ]
